{"/home/sreejan/Desktop/React/my-app/src/App.tsx": {"path":"/home/sreejan/Desktop/React/my-app/src/App.tsx","statementMap":{"0":{"start":{"line":13,"column":42},"end":{"line":13,"column":66}},"1":{"start":{"line":15,"column":25},"end":{"line":17,"column":3}},"2":{"start":{"line":16,"column":4},"end":{"line":16,"column":35}},"3":{"start":{"line":18,"column":2},"end":{"line":28,"column":4}}},"fnMap":{"0":{"name":"App","decl":{"start":{"line":12,"column":9},"end":{"line":12,"column":12}},"loc":{"start":{"line":12,"column":15},"end":{"line":29,"column":1}},"line":12},"1":{"name":"(anonymous_1)","decl":{"start":{"line":15,"column":25},"end":{"line":15,"column":26}},"loc":{"start":{"line":15,"column":31},"end":{"line":17,"column":3}},"line":15}},"branchMap":{"0":{"loc":{"start":{"line":21,"column":7},"end":{"line":21,"column":74}},"type":"cond-expr","locations":[{"start":{"line":21,"column":22},"end":{"line":21,"column":67}},{"start":{"line":21,"column":70},"end":{"line":21,"column":74}}],"line":21}},"s":{"0":2,"1":1,"2":0,"3":1},"f":{"0":2,"1":0},"b":{"0":[0,1]},"_coverageSchema":"1a1c01bbd47fc00a2c39e90264f33305004495a9","hash":"7037a35436924bb7605ba7dfeb002446d3078b53"}
,"/home/sreejan/Desktop/React/my-app/src/index.tsx": {"path":"/home/sreejan/Desktop/React/my-app/src/index.tsx","statementMap":{"0":{"start":{"line":11,"column":0},"end":{"line":20,"column":2}},"1":{"start":{"line":25,"column":0},"end":{"line":25,"column":18}}},"fnMap":{},"branchMap":{},"s":{"0":0,"1":0},"f":{},"b":{}}
,"/home/sreejan/Desktop/React/my-app/src/reportWebVitals.ts": {"path":"/home/sreejan/Desktop/React/my-app/src/reportWebVitals.ts","statementMap":{"0":{"start":{"line":3,"column":24},"end":{"line":15,"column":1}},"1":{"start":{"line":4,"column":2},"end":{"line":14,"column":3}},"2":{"start":{"line":5,"column":4},"end":{"line":13,"column":7}},"3":{"start":{"line":8,"column":6},"end":{"line":8,"column":26}},"4":{"start":{"line":9,"column":6},"end":{"line":9,"column":26}},"5":{"start":{"line":10,"column":6},"end":{"line":10,"column":26}},"6":{"start":{"line":11,"column":6},"end":{"line":11,"column":26}},"7":{"start":{"line":12,"column":6},"end":{"line":12,"column":27}}},"fnMap":{"0":{"name":"(anonymous_0)","decl":{"start":{"line":3,"column":24},"end":{"line":3,"column":25}},"loc":{"start":{"line":3,"column":57},"end":{"line":15,"column":1}},"line":3},"1":{"name":"(anonymous_1)","decl":{"start":{"line":5,"column":30},"end":{"line":5,"column":31}},"loc":{"start":{"line":7,"column":10},"end":{"line":13,"column":5}},"line":7}},"branchMap":{"0":{"loc":{"start":{"line":4,"column":2},"end":{"line":14,"column":3}},"type":"if","locations":[{"start":{"line":4,"column":2},"end":{"line":14,"column":3}},{"start":{},"end":{}}],"line":4},"1":{"loc":{"start":{"line":4,"column":6},"end":{"line":4,"column":52}},"type":"binary-expr","locations":[{"start":{"line":4,"column":6},"end":{"line":4,"column":17}},{"start":{"line":4,"column":21},"end":{"line":4,"column":52}}],"line":4}},"s":{"0":0,"1":0,"2":0,"3":0,"4":0,"5":0,"6":0,"7":0},"f":{"0":0,"1":0},"b":{"0":[0,0],"1":[0,0]}}
,"/home/sreejan/Desktop/React/my-app/src/store.tsx": {"path":"/home/sreejan/Desktop/React/my-app/src/store.tsx","statementMap":{"0":{"start":{"line":4,"column":14},"end":{"line":4,"column":35}}},"fnMap":{},"branchMap":{},"s":{"0":4},"f":{},"b":{},"_coverageSchema":"1a1c01bbd47fc00a2c39e90264f33305004495a9","hash":"8392c45924ba70973b2112a1ed699060ff7805a2"}
,"/home/sreejan/Desktop/React/my-app/src/theme.ts": {"path":"/home/sreejan/Desktop/React/my-app/src/theme.ts","statementMap":{"0":{"start":{"line":75,"column":14},"end":{"line":175,"column":2}}},"fnMap":{},"branchMap":{},"s":{"0":0},"f":{},"b":{}}
,"/home/sreejan/Desktop/React/my-app/src/_components/atoms/Avatar/index.stories.tsx": {"path":"/home/sreejan/Desktop/React/my-app/src/_components/atoms/Avatar/index.stories.tsx","statementMap":{"0":{"start":{"line":9,"column":22},"end":{"line":9,"column":38}}},"fnMap":{},"branchMap":{},"s":{"0":0},"f":{},"b":{}}
,"/home/sreejan/Desktop/React/my-app/src/_components/atoms/Avatar/index.tsx": {"path":"/home/sreejan/Desktop/React/my-app/src/_components/atoms/Avatar/index.tsx","statementMap":{"0":{"start":{"line":7,"column":31},"end":{"line":18,"column":1}},"1":{"start":{"line":8,"column":20},"end":{"line":11,"column":4}},"2":{"start":{"line":12,"column":2},"end":{"line":17,"column":4}}},"fnMap":{"0":{"name":"(anonymous_0)","decl":{"start":{"line":7,"column":31},"end":{"line":7,"column":32}},"loc":{"start":{"line":7,"column":37},"end":{"line":18,"column":1}},"line":7}},"branchMap":{},"s":{"0":3,"1":3,"2":3},"f":{"0":3},"b":{},"_coverageSchema":"1a1c01bbd47fc00a2c39e90264f33305004495a9","hash":"3173793f1eb587f34418b809f15d1a631c80ba1e"}
,"/home/sreejan/Desktop/React/my-app/src/_components/atoms/Image/index.stories.tsx": {"path":"/home/sreejan/Desktop/React/my-app/src/_components/atoms/Image/index.stories.tsx","statementMap":{"0":{"start":{"line":7,"column":22},"end":{"line":10,"column":41}},"1":{"start":{"line":12,"column":60},"end":{"line":14,"column":1}},"2":{"start":{"line":13,"column":2},"end":{"line":13,"column":30}},"3":{"start":{"line":16,"column":0},"end":{"line":21,"column":2}}},"fnMap":{"0":{"name":"(anonymous_0)","decl":{"start":{"line":12,"column":60},"end":{"line":12,"column":61}},"loc":{"start":{"line":13,"column":2},"end":{"line":13,"column":30}},"line":13}},"branchMap":{},"s":{"0":0,"1":0,"2":0,"3":0},"f":{"0":0},"b":{}}
,"/home/sreejan/Desktop/React/my-app/src/_components/atoms/Image/index.tsx": {"path":"/home/sreejan/Desktop/React/my-app/src/_components/atoms/Image/index.tsx","statementMap":{"0":{"start":{"line":6,"column":2},"end":{"line":6,"column":60}}},"fnMap":{"0":{"name":"ImageComponent","decl":{"start":{"line":5,"column":9},"end":{"line":5,"column":23}},"loc":{"start":{"line":5,"column":36},"end":{"line":7,"column":1}},"line":5}},"branchMap":{},"s":{"0":6},"f":{"0":6},"b":{},"_coverageSchema":"1a1c01bbd47fc00a2c39e90264f33305004495a9","hash":"14e1f82f9fff376122ac4ffd6b64575b3d3042c1"}
,"/home/sreejan/Desktop/React/my-app/src/_components/atoms/MoreHorizIcon/index.stories.tsx": {"path":"/home/sreejan/Desktop/React/my-app/src/_components/atoms/MoreHorizIcon/index.stories.tsx","statementMap":{"0":{"start":{"line":14,"column":24},"end":{"line":14,"column":32}}},"fnMap":{},"branchMap":{},"s":{"0":0},"f":{},"b":{}}
,"/home/sreejan/Desktop/React/my-app/src/_components/atoms/MoreHorizIcon/index.tsx": {"path":"/home/sreejan/Desktop/React/my-app/src/_components/atoms/MoreHorizIcon/index.tsx","statementMap":{"0":{"start":{"line":6,"column":2},"end":{"line":19,"column":4}}},"fnMap":{"0":{"name":"More","decl":{"start":{"line":5,"column":24},"end":{"line":5,"column":28}},"loc":{"start":{"line":5,"column":31},"end":{"line":20,"column":1}},"line":5}},"branchMap":{},"s":{"0":37},"f":{"0":37},"b":{},"_coverageSchema":"1a1c01bbd47fc00a2c39e90264f33305004495a9","hash":"ec60cdd708982a5a578f40e05f54c8ada91d57fd"}
,"/home/sreejan/Desktop/React/my-app/src/_components/atoms/ProgressBar/index.stories.tsx": {"path":"/home/sreejan/Desktop/React/my-app/src/_components/atoms/ProgressBar/index.stories.tsx","statementMap":{"0":{"start":{"line":9,"column":24},"end":{"line":9,"column":34}}},"fnMap":{},"branchMap":{},"s":{"0":0},"f":{},"b":{}}
,"/home/sreejan/Desktop/React/my-app/src/_components/atoms/ProgressBar/index.tsx": {"path":"/home/sreejan/Desktop/React/my-app/src/_components/atoms/ProgressBar/index.tsx","statementMap":{"0":{"start":{"line":9,"column":48},"end":{"line":34,"column":1}},"1":{"start":{"line":10,"column":20},"end":{"line":16,"column":4}},"2":{"start":{"line":19,"column":4},"end":{"line":21,"column":13}},"3":{"start":{"line":22,"column":19},"end":{"line":28,"column":4}},"4":{"start":{"line":29,"column":2},"end":{"line":33,"column":4}}},"fnMap":{"0":{"name":"(anonymous_0)","decl":{"start":{"line":9,"column":48},"end":{"line":9,"column":49}},"loc":{"start":{"line":9,"column":73},"end":{"line":34,"column":1}},"line":9}},"branchMap":{"0":{"loc":{"start":{"line":19,"column":4},"end":{"line":21,"column":13}},"type":"cond-expr","locations":[{"start":{"line":20,"column":8},"end":{"line":20,"column":29}},{"start":{"line":21,"column":8},"end":{"line":21,"column":13}}],"line":19},"1":{"loc":{"start":{"line":19,"column":4},"end":{"line":19,"column":61}},"type":"binary-expr","locations":[{"start":{"line":19,"column":4},"end":{"line":19,"column":33}},{"start":{"line":19,"column":37},"end":{"line":19,"column":61}}],"line":19}},"s":{"0":6,"1":38,"2":38,"3":38,"4":38},"f":{"0":38},"b":{"0":[1,37],"1":[38,1]},"_coverageSchema":"1a1c01bbd47fc00a2c39e90264f33305004495a9","hash":"49264af99a402f43e866c136cfe33d6672b6ca3c"}
,"/home/sreejan/Desktop/React/my-app/src/_components/molecules/ButtonGrid/TypographyBody1.tsx": {"path":"/home/sreejan/Desktop/React/my-app/src/_components/molecules/ButtonGrid/TypographyBody1.tsx","statementMap":{"0":{"start":{"line":5,"column":39},"end":{"line":9,"column":1}},"1":{"start":{"line":6,"column":2},"end":{"line":8,"column":15}}},"fnMap":{"0":{"name":"(anonymous_0)","decl":{"start":{"line":5,"column":39},"end":{"line":5,"column":40}},"loc":{"start":{"line":6,"column":2},"end":{"line":8,"column":15}},"line":6}},"branchMap":{},"s":{"0":3,"1":4},"f":{"0":4},"b":{},"_coverageSchema":"1a1c01bbd47fc00a2c39e90264f33305004495a9","hash":"624d3c7e0741cb75576eab6e877989fa2036b3fc"}
,"/home/sreejan/Desktop/React/my-app/src/_components/molecules/ButtonGrid/index.tsx": {"path":"/home/sreejan/Desktop/React/my-app/src/_components/molecules/ButtonGrid/index.tsx","statementMap":{"0":{"start":{"line":16,"column":46},"end":{"line":48,"column":1}},"1":{"start":{"line":17,"column":2},"end":{"line":47,"column":9}}},"fnMap":{"0":{"name":"(anonymous_0)","decl":{"start":{"line":16,"column":46},"end":{"line":16,"column":47}},"loc":{"start":{"line":17,"column":2},"end":{"line":47,"column":9}},"line":17}},"branchMap":{},"s":{"0":3,"1":2},"f":{"0":2},"b":{},"_coverageSchema":"1a1c01bbd47fc00a2c39e90264f33305004495a9","hash":"509b086077b7858f194c16098d42f9b8d11bb180"}
,"/home/sreejan/Desktop/React/my-app/src/_components/molecules/CategoryBookList/index.tsx": {"path":"/home/sreejan/Desktop/React/my-app/src/_components/molecules/CategoryBookList/index.tsx","statementMap":{"0":{"start":{"line":22,"column":58},"end":{"line":48,"column":1}},"1":{"start":{"line":26,"column":20},"end":{"line":26,"column":33}},"2":{"start":{"line":27,"column":21},"end":{"line":30,"column":3}},"3":{"start":{"line":31,"column":18},"end":{"line":33,"column":3}},"4":{"start":{"line":32,"column":4},"end":{"line":32,"column":30}},"5":{"start":{"line":34,"column":2},"end":{"line":47,"column":4}},"6":{"start":{"line":41,"column":10},"end":{"line":43,"column":17}}},"fnMap":{"0":{"name":"(anonymous_0)","decl":{"start":{"line":22,"column":58},"end":{"line":22,"column":59}},"loc":{"start":{"line":25,"column":6},"end":{"line":48,"column":1}},"line":25},"1":{"name":"(anonymous_1)","decl":{"start":{"line":31,"column":18},"end":{"line":31,"column":19}},"loc":{"start":{"line":31,"column":24},"end":{"line":33,"column":3}},"line":31},"2":{"name":"(anonymous_2)","decl":{"start":{"line":40,"column":22},"end":{"line":40,"column":23}},"loc":{"start":{"line":41,"column":10},"end":{"line":43,"column":17}},"line":41}},"branchMap":{},"s":{"0":2,"1":1,"2":1,"3":1,"4":0,"5":1,"6":10},"f":{"0":1,"1":0,"2":10},"b":{},"_coverageSchema":"1a1c01bbd47fc00a2c39e90264f33305004495a9","hash":"239783decd2852560d2a742c2f1d40cec9e9f9e6"}
,"/home/sreejan/Desktop/React/my-app/src/_components/molecules/ExploreItems/index.tsx": {"path":"/home/sreejan/Desktop/React/my-app/src/_components/molecules/ExploreItems/index.tsx","statementMap":{"0":{"start":{"line":13,"column":47},"end":{"line":28,"column":1}},"1":{"start":{"line":14,"column":2},"end":{"line":27,"column":11}}},"fnMap":{"0":{"name":"(anonymous_0)","decl":{"start":{"line":13,"column":47},"end":{"line":13,"column":48}},"loc":{"start":{"line":14,"column":2},"end":{"line":27,"column":11}},"line":14}},"branchMap":{},"s":{"0":1,"1":0},"f":{"0":0},"b":{},"_coverageSchema":"1a1c01bbd47fc00a2c39e90264f33305004495a9","hash":"1fbcb7cdf957c9d7788a47e2277d8c88d166d990"}
,"/home/sreejan/Desktop/React/my-app/src/_components/molecules/NavLinks/index.stories.tsx": {"path":"/home/sreejan/Desktop/React/my-app/src/_components/molecules/NavLinks/index.stories.tsx","statementMap":{"0":{"start":{"line":13,"column":51},"end":{"line":15,"column":1}},"1":{"start":{"line":14,"column":2},"end":{"line":14,"column":24}},"2":{"start":{"line":17,"column":27},"end":{"line":17,"column":45}},"3":{"start":{"line":18,"column":0},"end":{"line":20,"column":2}},"4":{"start":{"line":22,"column":24},"end":{"line":22,"column":42}},"5":{"start":{"line":23,"column":0},"end":{"line":26,"column":2}}},"fnMap":{"0":{"name":"(anonymous_0)","decl":{"start":{"line":13,"column":51},"end":{"line":13,"column":52}},"loc":{"start":{"line":14,"column":2},"end":{"line":14,"column":24}},"line":14}},"branchMap":{},"s":{"0":0,"1":0,"2":0,"3":0,"4":0,"5":0},"f":{"0":0},"b":{}}
,"/home/sreejan/Desktop/React/my-app/src/_components/molecules/NavLinks/index.tsx": {"path":"/home/sreejan/Desktop/React/my-app/src/_components/molecules/NavLinks/index.tsx","statementMap":{"0":{"start":{"line":20,"column":42},"end":{"line":50,"column":1}},"1":{"start":{"line":26,"column":20},"end":{"line":33,"column":4}},"2":{"start":{"line":35,"column":4},"end":{"line":39,"column":5}},"3":{"start":{"line":40,"column":24},"end":{"line":40,"column":60}},"4":{"start":{"line":41,"column":2},"end":{"line":49,"column":4}}},"fnMap":{"0":{"name":"(anonymous_0)","decl":{"start":{"line":20,"column":42},"end":{"line":20,"column":43}},"loc":{"start":{"line":25,"column":6},"end":{"line":50,"column":1}},"line":25}},"branchMap":{"0":{"loc":{"start":{"line":30,"column":14},"end":{"line":30,"column":52}},"type":"cond-expr","locations":[{"start":{"line":30,"column":34},"end":{"line":30,"column":43}},{"start":{"line":30,"column":46},"end":{"line":30,"column":52}}],"line":30},"1":{"loc":{"start":{"line":35,"column":4},"end":{"line":39,"column":5}},"type":"cond-expr","locations":[{"start":{"line":36,"column":6},"end":{"line":36,"column":65}},{"start":{"line":38,"column":6},"end":{"line":38,"column":67}}],"line":35},"2":{"loc":{"start":{"line":40,"column":24},"end":{"line":40,"column":60}},"type":"cond-expr","locations":[{"start":{"line":40,"column":44},"end":{"line":40,"column":53}},{"start":{"line":40,"column":56},"end":{"line":40,"column":60}}],"line":40},"3":{"loc":{"start":{"line":47,"column":7},"end":{"line":47,"column":78}},"type":"cond-expr","locations":[{"start":{"line":47,"column":31},"end":{"line":47,"column":71}},{"start":{"line":47,"column":74},"end":{"line":47,"column":78}}],"line":47}},"s":{"0":3,"1":6,"2":6,"3":6,"4":6},"f":{"0":6},"b":{"0":[3,3],"1":[0,6],"2":[3,3],"3":[0,6]},"_coverageSchema":"1a1c01bbd47fc00a2c39e90264f33305004495a9","hash":"e080daa824e7df6f36fe8ccc5703788afbcb8d94"}
,"/home/sreejan/Desktop/React/my-app/src/_components/molecules/ReadTime/index.stories.tsx": {"path":"/home/sreejan/Desktop/React/my-app/src/_components/molecules/ReadTime/index.stories.tsx","statementMap":{"0":{"start":{"line":9,"column":24},"end":{"line":9,"column":33}}},"fnMap":{},"branchMap":{},"s":{"0":0},"f":{},"b":{}}
,"/home/sreejan/Desktop/React/my-app/src/_components/molecules/ReadTime/index.tsx": {"path":"/home/sreejan/Desktop/React/my-app/src/_components/molecules/ReadTime/index.tsx","statementMap":{"0":{"start":{"line":8,"column":18},"end":{"line":22,"column":2}},"1":{"start":{"line":28,"column":42},"end":{"line":39,"column":1}},"2":{"start":{"line":29,"column":18},"end":{"line":29,"column":29}},"3":{"start":{"line":30,"column":2},"end":{"line":38,"column":4}}},"fnMap":{"0":{"name":"(anonymous_0)","decl":{"start":{"line":28,"column":42},"end":{"line":28,"column":43}},"loc":{"start":{"line":28,"column":56},"end":{"line":39,"column":1}},"line":28}},"branchMap":{},"s":{"0":7,"1":7,"2":40,"3":40},"f":{"0":40},"b":{},"_coverageSchema":"1a1c01bbd47fc00a2c39e90264f33305004495a9","hash":"0d11799db85e975e9ff89d8f80cec65c51c7d19a"}
,"/home/sreejan/Desktop/React/my-app/src/_components/molecules/ReaderCount/index.tsx": {"path":"/home/sreejan/Desktop/React/my-app/src/_components/molecules/ReaderCount/index.tsx","statementMap":{"0":{"start":{"line":13,"column":2},"end":{"line":25,"column":8}},"1":{"start":{"line":28,"column":18},"end":{"line":42,"column":2}},"2":{"start":{"line":44,"column":48},"end":{"line":52,"column":1}},"3":{"start":{"line":45,"column":18},"end":{"line":45,"column":29}},"4":{"start":{"line":46,"column":2},"end":{"line":51,"column":4}}},"fnMap":{"0":{"name":"(anonymous_0)","decl":{"start":{"line":44,"column":48},"end":{"line":44,"column":49}},"loc":{"start":{"line":44,"column":63},"end":{"line":52,"column":1}},"line":44}},"branchMap":{},"s":{"0":6,"1":6,"2":6,"3":20,"4":20},"f":{"0":20},"b":{},"_coverageSchema":"1a1c01bbd47fc00a2c39e90264f33305004495a9","hash":"814c399abd761fae479e3a07523105c6826963ed"}
,"/home/sreejan/Desktop/React/my-app/src/_components/molecules/SearchBar/index.tsx": {"path":"/home/sreejan/Desktop/React/my-app/src/_components/molecules/SearchBar/index.tsx","statementMap":{"0":{"start":{"line":10,"column":44},"end":{"line":54,"column":1}},"1":{"start":{"line":11,"column":20},"end":{"line":28,"column":4}},"2":{"start":{"line":29,"column":16},"end":{"line":36,"column":4}},"3":{"start":{"line":37,"column":2},"end":{"line":53,"column":4}}},"fnMap":{"0":{"name":"(anonymous_0)","decl":{"start":{"line":10,"column":44},"end":{"line":10,"column":45}},"loc":{"start":{"line":10,"column":65},"end":{"line":54,"column":1}},"line":10}},"branchMap":{},"s":{"0":2,"1":1,"2":1,"3":1},"f":{"0":1},"b":{},"_coverageSchema":"1a1c01bbd47fc00a2c39e90264f33305004495a9","hash":"8a45a0dd5ec9280c71aed7eee1d3dcd0b8732d4e"}
,"/home/sreejan/Desktop/React/my-app/src/_components/molecules/TabBar/index.tsx": {"path":"/home/sreejan/Desktop/React/my-app/src/_components/molecules/TabBar/index.tsx","statementMap":{"0":{"start":{"line":6,"column":25},"end":{"line":36,"column":1}},"1":{"start":{"line":7,"column":28},"end":{"line":7,"column":39}},"2":{"start":{"line":8,"column":23},"end":{"line":10,"column":3}},"3":{"start":{"line":9,"column":4},"end":{"line":9,"column":23}},"4":{"start":{"line":11,"column":19},"end":{"line":18,"column":3}},"5":{"start":{"line":19,"column":2},"end":{"line":35,"column":4}}},"fnMap":{"0":{"name":"(anonymous_0)","decl":{"start":{"line":6,"column":25},"end":{"line":6,"column":26}},"loc":{"start":{"line":6,"column":31},"end":{"line":36,"column":1}},"line":6},"1":{"name":"(anonymous_1)","decl":{"start":{"line":8,"column":23},"end":{"line":8,"column":24}},"loc":{"start":{"line":8,"column":74},"end":{"line":10,"column":3}},"line":8}},"branchMap":{},"s":{"0":2,"1":4,"2":2,"3":0,"4":2,"5":2},"f":{"0":4,"1":0},"b":{},"_coverageSchema":"1a1c01bbd47fc00a2c39e90264f33305004495a9","hash":"18a262e64a87bb58ae0d021f65ea3f9fd0147834"}
,"/home/sreejan/Desktop/React/my-app/src/_components/molecules/TabPanel/index.tsx": {"path":"/home/sreejan/Desktop/React/my-app/src/_components/molecules/TabPanel/index.tsx","statementMap":{"0":{"start":{"line":27,"column":42},"end":{"line":78,"column":1}},"1":{"start":{"line":28,"column":22},"end":{"line":28,"column":79}},"2":{"start":{"line":28,"column":61},"end":{"line":28,"column":78}},"3":{"start":{"line":29,"column":23},"end":{"line":29,"column":53}},"4":{"start":{"line":30,"column":28},"end":{"line":30,"column":53}},"5":{"start":{"line":31,"column":2},"end":{"line":31,"column":21}},"6":{"start":{"line":32,"column":44},"end":{"line":32,"column":66}},"7":{"start":{"line":33,"column":2},"end":{"line":43,"column":5}},"8":{"start":{"line":35,"column":30},"end":{"line":37,"column":57}},"9":{"start":{"line":37,"column":43},"end":{"line":37,"column":56}},"10":{"start":{"line":38,"column":6},"end":{"line":38,"column":43}},"11":{"start":{"line":40,"column":4},"end":{"line":42,"column":46}},"12":{"start":{"line":41,"column":21},"end":{"line":41,"column":42}},"13":{"start":{"line":42,"column":25},"end":{"line":42,"column":44}},"14":{"start":{"line":44,"column":2},"end":{"line":77,"column":4}},"15":{"start":{"line":49,"column":12},"end":{"line":51,"column":19}},"16":{"start":{"line":50,"column":49},"end":{"line":50,"column":53}},"17":{"start":{"line":62,"column":16},"end":{"line":71,"column":18}},"18":{"start":{"line":68,"column":33},"end":{"line":68,"column":37}}},"fnMap":{"0":{"name":"(anonymous_0)","decl":{"start":{"line":27,"column":42},"end":{"line":27,"column":43}},"loc":{"start":{"line":27,"column":57},"end":{"line":78,"column":1}},"line":27},"1":{"name":"(anonymous_1)","decl":{"start":{"line":28,"column":34},"end":{"line":28,"column":35}},"loc":{"start":{"line":28,"column":61},"end":{"line":28,"column":78}},"line":28},"2":{"name":"(anonymous_2)","decl":{"start":{"line":33,"column":12},"end":{"line":33,"column":13}},"loc":{"start":{"line":33,"column":18},"end":{"line":43,"column":3}},"line":33},"3":{"name":"getData","decl":{"start":{"line":34,"column":19},"end":{"line":34,"column":26}},"loc":{"start":{"line":34,"column":29},"end":{"line":39,"column":5}},"line":34},"4":{"name":"(anonymous_4)","decl":{"start":{"line":37,"column":14},"end":{"line":37,"column":15}},"loc":{"start":{"line":37,"column":43},"end":{"line":37,"column":56}},"line":37},"5":{"name":"(anonymous_5)","decl":{"start":{"line":41,"column":12},"end":{"line":41,"column":13}},"loc":{"start":{"line":41,"column":21},"end":{"line":41,"column":42}},"line":41},"6":{"name":"(anonymous_6)","decl":{"start":{"line":42,"column":13},"end":{"line":42,"column":14}},"loc":{"start":{"line":42,"column":25},"end":{"line":42,"column":44}},"line":42},"7":{"name":"(anonymous_7)","decl":{"start":{"line":48,"column":21},"end":{"line":48,"column":22}},"loc":{"start":{"line":49,"column":12},"end":{"line":51,"column":19}},"line":49},"8":{"name":"(anonymous_8)","decl":{"start":{"line":50,"column":43},"end":{"line":50,"column":44}},"loc":{"start":{"line":50,"column":49},"end":{"line":50,"column":53}},"line":50},"9":{"name":"(anonymous_9)","decl":{"start":{"line":61,"column":32},"end":{"line":61,"column":33}},"loc":{"start":{"line":62,"column":16},"end":{"line":71,"column":18}},"line":62},"10":{"name":"(anonymous_10)","decl":{"start":{"line":68,"column":27},"end":{"line":68,"column":28}},"loc":{"start":{"line":68,"column":33},"end":{"line":68,"column":37}},"line":68}},"branchMap":{"0":{"loc":{"start":{"line":46,"column":20},"end":{"line":46,"column":50}},"type":"cond-expr","locations":[{"start":{"line":46,"column":34},"end":{"line":46,"column":41}},{"start":{"line":46,"column":44},"end":{"line":46,"column":50}}],"line":46},"1":{"loc":{"start":{"line":56,"column":17},"end":{"line":56,"column":47}},"type":"cond-expr","locations":[{"start":{"line":56,"column":31},"end":{"line":56,"column":38}},{"start":{"line":56,"column":41},"end":{"line":56,"column":47}}],"line":56},"2":{"loc":{"start":{"line":57,"column":22},"end":{"line":57,"column":47}},"type":"cond-expr","locations":[{"start":{"line":57,"column":36},"end":{"line":57,"column":41}},{"start":{"line":57,"column":44},"end":{"line":57,"column":47}}],"line":57},"3":{"loc":{"start":{"line":60,"column":11},"end":{"line":73,"column":18}},"type":"cond-expr","locations":[{"start":{"line":61,"column":14},"end":{"line":72,"column":16}},{"start":{"line":73,"column":14},"end":{"line":73,"column":18}}],"line":60},"4":{"loc":{"start":{"line":60,"column":11},"end":{"line":60,"column":79}},"type":"binary-expr","locations":[{"start":{"line":60,"column":11},"end":{"line":60,"column":22}},{"start":{"line":60,"column":26},"end":{"line":60,"column":48}},{"start":{"line":60,"column":52},"end":{"line":60,"column":79}}],"line":60}},"s":{"0":3,"1":3,"2":3,"3":3,"4":3,"5":3,"6":3,"7":3,"8":3,"9":0,"10":0,"11":3,"12":0,"13":0,"14":3,"15":27,"16":0,"17":0,"18":0},"f":{"0":3,"1":3,"2":3,"3":3,"4":0,"5":0,"6":0,"7":27,"8":0,"9":0,"10":0},"b":{"0":[2,1],"1":[0,3],"2":[0,3],"3":[0,3],"4":[3,3,3]},"_coverageSchema":"1a1c01bbd47fc00a2c39e90264f33305004495a9","hash":"5d447bd1d623bb707ee927012ce2620b1c826a4f"}
,"/home/sreejan/Desktop/React/my-app/src/_components/organisms/Banner/index.tsx": {"path":"/home/sreejan/Desktop/React/my-app/src/_components/organisms/Banner/index.tsx","statementMap":{"0":{"start":{"line":11,"column":38},"end":{"line":208,"column":1}},"1":{"start":{"line":12,"column":2},"end":{"line":207,"column":8}}},"fnMap":{"0":{"name":"(anonymous_0)","decl":{"start":{"line":11,"column":38},"end":{"line":11,"column":39}},"loc":{"start":{"line":12,"column":2},"end":{"line":207,"column":8}},"line":12}},"branchMap":{},"s":{"0":2,"1":1},"f":{"0":1},"b":{},"_coverageSchema":"1a1c01bbd47fc00a2c39e90264f33305004495a9","hash":"f5883bf197bfdbbab5ea510a572f83bb1dcead4b"}
,"/home/sreejan/Desktop/React/my-app/src/_components/organisms/BookCard/index.stories.tsx": {"path":"/home/sreejan/Desktop/React/my-app/src/_components/organisms/BookCard/index.stories.tsx","statementMap":{"0":{"start":{"line":12,"column":50},"end":{"line":14,"column":1}},"1":{"start":{"line":13,"column":2},"end":{"line":13,"column":24}},"2":{"start":{"line":16,"column":29},"end":{"line":16,"column":46}},"3":{"start":{"line":17,"column":0},"end":{"line":22,"column":2}}},"fnMap":{"0":{"name":"(anonymous_0)","decl":{"start":{"line":12,"column":50},"end":{"line":12,"column":51}},"loc":{"start":{"line":13,"column":2},"end":{"line":13,"column":24}},"line":13}},"branchMap":{},"s":{"0":0,"1":0,"2":0,"3":0},"f":{"0":0},"b":{}}
,"/home/sreejan/Desktop/React/my-app/src/_components/organisms/BookCard/index.tsx": {"path":"/home/sreejan/Desktop/React/my-app/src/_components/organisms/BookCard/index.tsx","statementMap":{"0":{"start":{"line":20,"column":2},"end":{"line":31,"column":8}},"1":{"start":{"line":55,"column":33},"end":{"line":71,"column":3}},"2":{"start":{"line":73,"column":38},"end":{"line":78,"column":3}},"3":{"start":{"line":79,"column":2},"end":{"line":152,"column":4}},"4":{"start":{"line":143,"column":25},"end":{"line":143,"column":39}}},"fnMap":{"0":{"name":"BookCard","decl":{"start":{"line":45,"column":9},"end":{"line":45,"column":17}},"loc":{"start":{"line":54,"column":18},"end":{"line":153,"column":1}},"line":54},"1":{"name":"(anonymous_1)","decl":{"start":{"line":143,"column":19},"end":{"line":143,"column":20}},"loc":{"start":{"line":143,"column":25},"end":{"line":143,"column":39}},"line":143}},"branchMap":{"0":{"loc":{"start":{"line":117,"column":13},"end":{"line":121,"column":20}},"type":"cond-expr","locations":[{"start":{"line":118,"column":14},"end":{"line":120,"column":21}},{"start":{"line":121,"column":16},"end":{"line":121,"column":20}}],"line":117},"1":{"loc":{"start":{"line":117,"column":13},"end":{"line":117,"column":50}},"type":"binary-expr","locations":[{"start":{"line":117,"column":13},"end":{"line":117,"column":32}},{"start":{"line":117,"column":36},"end":{"line":117,"column":50}}],"line":117},"2":{"loc":{"start":{"line":122,"column":13},"end":{"line":131,"column":20}},"type":"cond-expr","locations":[{"start":{"line":123,"column":14},"end":{"line":130,"column":21}},{"start":{"line":131,"column":16},"end":{"line":131,"column":20}}],"line":122},"3":{"loc":{"start":{"line":122,"column":13},"end":{"line":122,"column":50}},"type":"binary-expr","locations":[{"start":{"line":122,"column":13},"end":{"line":122,"column":32}},{"start":{"line":122,"column":36},"end":{"line":122,"column":50}}],"line":122},"4":{"loc":{"start":{"line":135,"column":7},"end":{"line":150,"column":7}},"type":"cond-expr","locations":[{"start":{"line":136,"column":8},"end":{"line":138,"column":15}},{"start":{"line":140,"column":8},"end":{"line":149,"column":17}}],"line":135},"5":{"loc":{"start":{"line":135,"column":7},"end":{"line":135,"column":44}},"type":"binary-expr","locations":[{"start":{"line":135,"column":7},"end":{"line":135,"column":21}},{"start":{"line":135,"column":25},"end":{"line":135,"column":44}}],"line":135}},"s":{"0":5,"1":38,"2":38,"3":38,"4":0},"f":{"0":38,"1":0},"b":{"0":[19,19],"1":[38,37],"2":[37,1],"3":[38,37],"4":[37,1],"5":[38,37]},"_coverageSchema":"1a1c01bbd47fc00a2c39e90264f33305004495a9","hash":"c0e79cddaca48df1116f807e478df8e1f45e5bb2"}
,"/home/sreejan/Desktop/React/my-app/src/_components/organisms/BookDetails/index.stories.tsx": {"path":"/home/sreejan/Desktop/React/my-app/src/_components/organisms/BookDetails/index.stories.tsx","statementMap":{"0":{"start":{"line":9,"column":27},"end":{"line":9,"column":42}}},"fnMap":{},"branchMap":{},"s":{"0":0},"f":{},"b":{}}
,"/home/sreejan/Desktop/React/my-app/src/_components/organisms/BookDetails/index.tsx": {"path":"/home/sreejan/Desktop/React/my-app/src/_components/organisms/BookDetails/index.tsx","statementMap":{"0":{"start":{"line":25,"column":17},"end":{"line":31,"column":1}},"1":{"start":{"line":33,"column":30},"end":{"line":123,"column":1}},"2":{"start":{"line":34,"column":30},"end":{"line":36,"column":3}},"3":{"start":{"line":37,"column":19},"end":{"line":37,"column":32}},"4":{"start":{"line":38,"column":19},"end":{"line":38,"column":32}},"5":{"start":{"line":39,"column":18},"end":{"line":55,"column":3}},"6":{"start":{"line":40,"column":4},"end":{"line":40,"column":34}},"7":{"start":{"line":41,"column":4},"end":{"line":41,"column":18}},"8":{"start":{"line":42,"column":23},"end":{"line":42,"column":63}},"9":{"start":{"line":43,"column":21},"end":{"line":43,"column":53}},"10":{"start":{"line":44,"column":17},"end":{"line":52,"column":5}},"11":{"start":{"line":53,"column":4},"end":{"line":53,"column":55}},"12":{"start":{"line":54,"column":4},"end":{"line":54,"column":28}},"13":{"start":{"line":56,"column":2},"end":{"line":122,"column":4}}},"fnMap":{"0":{"name":"(anonymous_0)","decl":{"start":{"line":33,"column":30},"end":{"line":33,"column":31}},"loc":{"start":{"line":33,"column":36},"end":{"line":123,"column":1}},"line":33},"1":{"name":"(anonymous_1)","decl":{"start":{"line":39,"column":18},"end":{"line":39,"column":19}},"loc":{"start":{"line":39,"column":24},"end":{"line":55,"column":3}},"line":39}},"branchMap":{},"s":{"0":2,"1":2,"2":2,"3":2,"4":1,"5":1,"6":0,"7":0,"8":0,"9":0,"10":0,"11":0,"12":0,"13":1},"f":{"0":2,"1":0},"b":{},"_coverageSchema":"1a1c01bbd47fc00a2c39e90264f33305004495a9","hash":"9e7c50cfd51a392d706dd1174778d99bf8463134"}
,"/home/sreejan/Desktop/React/my-app/src/_components/organisms/Explore/index.stories.tsx": {"path":"/home/sreejan/Desktop/React/my-app/src/_components/organisms/Explore/index.stories.tsx","statementMap":{"0":{"start":{"line":12,"column":53},"end":{"line":14,"column":1}},"1":{"start":{"line":13,"column":2},"end":{"line":13,"column":27}},"2":{"start":{"line":16,"column":24},"end":{"line":16,"column":41}}},"fnMap":{"0":{"name":"(anonymous_0)","decl":{"start":{"line":12,"column":53},"end":{"line":12,"column":54}},"loc":{"start":{"line":13,"column":2},"end":{"line":13,"column":27}},"line":13}},"branchMap":{},"s":{"0":0,"1":0,"2":0},"f":{"0":0},"b":{}}
,"/home/sreejan/Desktop/React/my-app/src/_components/organisms/Explore/index.tsx": {"path":"/home/sreejan/Desktop/React/my-app/src/_components/organisms/Explore/index.tsx","statementMap":{"0":{"start":{"line":28,"column":19},"end":{"line":32,"column":1}},"1":{"start":{"line":33,"column":18},"end":{"line":36,"column":2}},"2":{"start":{"line":39,"column":2},"end":{"line":55,"column":9}},"3":{"start":{"line":62,"column":48},"end":{"line":109,"column":1}},"4":{"start":{"line":63,"column":20},"end":{"line":63,"column":33}},"5":{"start":{"line":64,"column":19},"end":{"line":83,"column":3}},"6":{"start":{"line":85,"column":4},"end":{"line":97,"column":11}},"7":{"start":{"line":87,"column":24},"end":{"line":90,"column":9}},"8":{"start":{"line":88,"column":10},"end":{"line":88,"column":41}},"9":{"start":{"line":89,"column":10},"end":{"line":89,"column":25}},"10":{"start":{"line":91,"column":8},"end":{"line":95,"column":10}},"11":{"start":{"line":100,"column":2},"end":{"line":108,"column":4}}},"fnMap":{"0":{"name":"(anonymous_0)","decl":{"start":{"line":62,"column":48},"end":{"line":62,"column":49}},"loc":{"start":{"line":62,"column":70},"end":{"line":109,"column":1}},"line":62},"1":{"name":"(anonymous_1)","decl":{"start":{"line":86,"column":20},"end":{"line":86,"column":21}},"loc":{"start":{"line":86,"column":27},"end":{"line":96,"column":7}},"line":86},"2":{"name":"(anonymous_2)","decl":{"start":{"line":87,"column":24},"end":{"line":87,"column":25}},"loc":{"start":{"line":87,"column":30},"end":{"line":90,"column":9}},"line":87}},"branchMap":{},"s":{"0":1,"1":1,"2":1,"3":1,"4":0,"5":0,"6":0,"7":0,"8":0,"9":0,"10":0,"11":0},"f":{"0":0,"1":0,"2":0},"b":{},"_coverageSchema":"1a1c01bbd47fc00a2c39e90264f33305004495a9","hash":"3325b999da4738e1aa63b53a3931f88f4b2419c2"}
,"/home/sreejan/Desktop/React/my-app/src/_components/organisms/Footer/index.stories.tsx": {"path":"/home/sreejan/Desktop/React/my-app/src/_components/organisms/Footer/index.stories.tsx","statementMap":{"0":{"start":{"line":9,"column":22},"end":{"line":9,"column":41}}},"fnMap":{},"branchMap":{},"s":{"0":0},"f":{},"b":{}}
,"/home/sreejan/Desktop/React/my-app/src/_components/organisms/Footer/index.tsx": {"path":"/home/sreejan/Desktop/React/my-app/src/_components/organisms/Footer/index.tsx","statementMap":{"0":{"start":{"line":7,"column":18},"end":{"line":16,"column":2}},"1":{"start":{"line":19,"column":18},"end":{"line":19,"column":29}},"2":{"start":{"line":20,"column":15},"end":{"line":44,"column":3}},"3":{"start":{"line":45,"column":2},"end":{"line":102,"column":4}},"4":{"start":{"line":81,"column":12},"end":{"line":94,"column":18}},"5":{"start":{"line":90,"column":16},"end":{"line":92,"column":29}}},"fnMap":{"0":{"name":"FooterComponent","decl":{"start":{"line":18,"column":9},"end":{"line":18,"column":24}},"loc":{"start":{"line":18,"column":37},"end":{"line":103,"column":1}},"line":18},"1":{"name":"(anonymous_1)","decl":{"start":{"line":80,"column":20},"end":{"line":80,"column":21}},"loc":{"start":{"line":81,"column":12},"end":{"line":94,"column":18}},"line":81},"2":{"name":"(anonymous_2)","decl":{"start":{"line":89,"column":31},"end":{"line":89,"column":32}},"loc":{"start":{"line":90,"column":16},"end":{"line":92,"column":29}},"line":90}},"branchMap":{},"s":{"0":2,"1":5,"2":3,"3":3,"4":9,"5":39},"f":{"0":5,"1":9,"2":39},"b":{},"_coverageSchema":"1a1c01bbd47fc00a2c39e90264f33305004495a9","hash":"729dec061af7a8260e6f1a3e565647b1e790d137"}
,"/home/sreejan/Desktop/React/my-app/src/_components/organisms/Header/index.stories.tsx": {"path":"/home/sreejan/Desktop/React/my-app/src/_components/organisms/Header/index.stories.tsx","statementMap":{"0":{"start":{"line":9,"column":22},"end":{"line":9,"column":32}}},"fnMap":{},"branchMap":{},"s":{"0":0},"f":{},"b":{}}
,"/home/sreejan/Desktop/React/my-app/src/_components/organisms/Header/index.tsx": {"path":"/home/sreejan/Desktop/React/my-app/src/_components/organisms/Header/index.tsx","statementMap":{"0":{"start":{"line":14,"column":38},"end":{"line":55,"column":1}},"1":{"start":{"line":15,"column":2},"end":{"line":54,"column":11}}},"fnMap":{"0":{"name":"(anonymous_0)","decl":{"start":{"line":14,"column":38},"end":{"line":14,"column":39}},"loc":{"start":{"line":15,"column":2},"end":{"line":54,"column":11}},"line":15}},"branchMap":{},"s":{"0":2,"1":2},"f":{"0":2},"b":{},"_coverageSchema":"1a1c01bbd47fc00a2c39e90264f33305004495a9","hash":"232da5221f488214998c4a82ee4278d224059c42"}
,"/home/sreejan/Desktop/React/my-app/src/_components/pages/BookDetailsPage.tsx": {"path":"/home/sreejan/Desktop/React/my-app/src/_components/pages/BookDetailsPage.tsx","statementMap":{"0":{"start":{"line":5,"column":34},"end":{"line":5,"column":55}},"1":{"start":{"line":5,"column":40},"end":{"line":5,"column":55}}},"fnMap":{"0":{"name":"(anonymous_0)","decl":{"start":{"line":5,"column":34},"end":{"line":5,"column":35}},"loc":{"start":{"line":5,"column":40},"end":{"line":5,"column":55}},"line":5}},"branchMap":{},"s":{"0":1,"1":0},"f":{"0":0},"b":{},"_coverageSchema":"1a1c01bbd47fc00a2c39e90264f33305004495a9","hash":"16cf320a90e85d3e72b53f91ce593cc650b76b6c"}
,"/home/sreejan/Desktop/React/my-app/src/_components/pages/EntrePage.tsx": {"path":"/home/sreejan/Desktop/React/my-app/src/_components/pages/EntrePage.tsx","statementMap":{"0":{"start":{"line":12,"column":28},"end":{"line":38,"column":1}},"1":{"start":{"line":13,"column":26},"end":{"line":13,"column":53}},"2":{"start":{"line":14,"column":22},"end":{"line":14,"column":57}},"3":{"start":{"line":15,"column":17},"end":{"line":15,"column":75}},"4":{"start":{"line":16,"column":32},"end":{"line":16,"column":69}},"5":{"start":{"line":18,"column":4},"end":{"line":18,"column":132}},"6":{"start":{"line":19,"column":2},"end":{"line":37,"column":4}},"7":{"start":{"line":26,"column":12},"end":{"line":29,"column":14}}},"fnMap":{"0":{"name":"(anonymous_0)","decl":{"start":{"line":12,"column":28},"end":{"line":12,"column":29}},"loc":{"start":{"line":12,"column":34},"end":{"line":38,"column":1}},"line":12},"1":{"name":"(anonymous_1)","decl":{"start":{"line":25,"column":22},"end":{"line":25,"column":23}},"loc":{"start":{"line":26,"column":12},"end":{"line":29,"column":14}},"line":26}},"branchMap":{},"s":{"0":1,"1":0,"2":0,"3":0,"4":0,"5":0,"6":0,"7":0},"f":{"0":0,"1":0},"b":{},"_coverageSchema":"1a1c01bbd47fc00a2c39e90264f33305004495a9","hash":"90950a25d0abd93cd95879f4558404bdd662ae89"}
,"/home/sreejan/Desktop/React/my-app/src/_components/pages/LandingPage.tsx": {"path":"/home/sreejan/Desktop/React/my-app/src/_components/pages/LandingPage.tsx","statementMap":{"0":{"start":{"line":8,"column":30},"end":{"line":28,"column":1}},"1":{"start":{"line":9,"column":2},"end":{"line":27,"column":4}}},"fnMap":{"0":{"name":"(anonymous_0)","decl":{"start":{"line":8,"column":30},"end":{"line":8,"column":31}},"loc":{"start":{"line":8,"column":36},"end":{"line":28,"column":1}},"line":8}},"branchMap":{},"s":{"0":1,"1":2},"f":{"0":2},"b":{},"_coverageSchema":"1a1c01bbd47fc00a2c39e90264f33305004495a9","hash":"ca23fa94b81198e45bd2a01928a26f4fbaf654cf"}
,"/home/sreejan/Desktop/React/my-app/src/actions/AddToFinish.tsx": {"path":"/home/sreejan/Desktop/React/my-app/src/actions/AddToFinish.tsx","statementMap":{"0":{"start":{"line":3,"column":27},"end":{"line":7,"column":1}},"1":{"start":{"line":4,"column":2},"end":{"line":6,"column":4}},"2":{"start":{"line":8,"column":26},"end":{"line":10,"column":1}},"3":{"start":{"line":9,"column":2},"end":{"line":9,"column":34}}},"fnMap":{"0":{"name":"(anonymous_0)","decl":{"start":{"line":3,"column":27},"end":{"line":3,"column":28}},"loc":{"start":{"line":3,"column":33},"end":{"line":7,"column":1}},"line":3},"1":{"name":"(anonymous_1)","decl":{"start":{"line":8,"column":26},"end":{"line":8,"column":27}},"loc":{"start":{"line":8,"column":40},"end":{"line":10,"column":1}},"line":8}},"branchMap":{},"s":{"0":2,"1":0,"2":2,"3":0},"f":{"0":0,"1":0},"b":{},"_coverageSchema":"1a1c01bbd47fc00a2c39e90264f33305004495a9","hash":"56d1d47e91f6865762c9676a3984fc665df7e0f2"}
,"/home/sreejan/Desktop/React/my-app/src/reducers/AddToFinish.tsx": {"path":"/home/sreejan/Desktop/React/my-app/src/reducers/AddToFinish.tsx","statementMap":{"0":{"start":{"line":1,"column":21},"end":{"line":1,"column":26}},"1":{"start":{"line":6,"column":20},"end":{"line":17,"column":1}},"2":{"start":{"line":7,"column":2},"end":{"line":16,"column":3}},"3":{"start":{"line":9,"column":6},"end":{"line":9,"column":20}},"4":{"start":{"line":11,"column":6},"end":{"line":13,"column":8}},"5":{"start":{"line":15,"column":6},"end":{"line":15,"column":19}}},"fnMap":{"0":{"name":"(anonymous_0)","decl":{"start":{"line":6,"column":20},"end":{"line":6,"column":21}},"loc":{"start":{"line":6,"column":69},"end":{"line":17,"column":1}},"line":6}},"branchMap":{"0":{"loc":{"start":{"line":6,"column":44},"end":{"line":6,"column":64}},"type":"default-arg","locations":[{"start":{"line":6,"column":52},"end":{"line":6,"column":64}}],"line":6},"1":{"loc":{"start":{"line":7,"column":2},"end":{"line":16,"column":3}},"type":"switch","locations":[{"start":{"line":8,"column":4},"end":{"line":9,"column":20}},{"start":{"line":10,"column":4},"end":{"line":13,"column":8}},{"start":{"line":14,"column":4},"end":{"line":15,"column":19}}],"line":7}},"s":{"0":4,"1":4,"2":12,"3":0,"4":0,"5":12},"f":{"0":12},"b":{"0":[0],"1":[0,0,12]},"_coverageSchema":"1a1c01bbd47fc00a2c39e90264f33305004495a9","hash":"ea91af32141b44970708115b8e5ef22678e1522c"}
,"/home/sreejan/Desktop/React/my-app/src/reducers/index.tsx": {"path":"/home/sreejan/Desktop/React/my-app/src/reducers/index.tsx","statementMap":{"0":{"start":{"line":6,"column":17},"end":{"line":8,"column":2}}},"fnMap":{},"branchMap":{},"s":{"0":4},"f":{},"b":{},"_coverageSchema":"1a1c01bbd47fc00a2c39e90264f33305004495a9","hash":"b72e1466d053a82c08463737366e431b72108d99"}
}
