TN:
SF:src/App.tsx
FN:12,App
FN:15,(anonymous_1)
FNF:2
FNH:0
FNDA:0,App
FNDA:0,(anonymous_1)
DA:13,0
DA:15,0
DA:16,0
DA:18,0
LF:4
LH:0
BRDA:21,0,0,0
BRDA:21,0,1,0
BRF:2
BRH:0
end_of_record
TN:
SF:src/index.tsx
FNF:0
FNH:0
DA:11,0
DA:25,0
LF:2
LH:0
BRF:0
BRH:0
end_of_record
TN:
SF:src/reportWebVitals.ts
FN:3,(anonymous_0)
FN:5,(anonymous_1)
FNF:2
FNH:0
FNDA:0,(anonymous_0)
FNDA:0,(anonymous_1)
DA:3,0
DA:4,0
DA:5,0
DA:8,0
DA:9,0
DA:10,0
DA:11,0
DA:12,0
LF:8
LH:0
BRDA:4,0,0,0
BRDA:4,0,1,0
BRDA:4,1,0,0
BRDA:4,1,1,0
BRF:4
BRH:0
end_of_record
TN:
SF:src/store.tsx
FNF:0
FNH:0
DA:4,1
LF:1
LH:1
BRF:0
BRH:0
end_of_record
TN:
SF:src/theme.ts
FNF:0
FNH:0
DA:75,0
LF:1
LH:0
BRF:0
BRH:0
end_of_record
TN:
SF:src/_components/atoms/Avatar/index.stories.tsx
FNF:0
FNH:0
DA:9,0
LF:1
LH:0
BRF:0
BRH:0
end_of_record
TN:
SF:src/_components/atoms/Avatar/index.tsx
FN:7,(anonymous_0)
FNF:1
FNH:1
FNDA:2,(anonymous_0)
DA:7,2
DA:8,2
DA:12,2
LF:3
LH:3
BRF:0
BRH:0
end_of_record
TN:
SF:src/_components/atoms/Image/index.stories.tsx
FN:12,(anonymous_0)
FNF:1
FNH:0
FNDA:0,(anonymous_0)
DA:7,0
DA:12,0
DA:13,0
DA:16,0
LF:4
LH:0
BRF:0
BRH:0
end_of_record
TN:
SF:src/_components/atoms/Image/index.tsx
FN:5,ImageComponent
FNF:1
FNH:1
FNDA:2,ImageComponent
DA:6,2
LF:1
LH:1
BRF:0
BRH:0
end_of_record
TN:
SF:src/_components/atoms/MoreHorizIcon/index.stories.tsx
FNF:0
FNH:0
DA:14,0
LF:1
LH:0
BRF:0
BRH:0
end_of_record
TN:
SF:src/_components/atoms/MoreHorizIcon/index.tsx
FN:5,More
FNF:1
FNH:0
FNDA:0,More
DA:6,0
LF:1
LH:0
BRF:0
BRH:0
end_of_record
TN:
SF:src/_components/atoms/ProgressBar/index.stories.tsx
FNF:0
FNH:0
DA:9,0
LF:1
LH:0
BRF:0
BRH:0
end_of_record
TN:
SF:src/_components/atoms/ProgressBar/index.tsx
FN:9,(anonymous_0)
FNF:1
FNH:0
FNDA:0,(anonymous_0)
DA:9,1
DA:10,0
DA:19,0
DA:22,0
DA:29,0
LF:5
LH:1
BRDA:19,0,0,0
BRDA:19,0,1,0
BRDA:19,1,0,0
BRDA:19,1,1,0
BRF:4
BRH:0
end_of_record
TN:
SF:src/_components/molecules/ButtonGrid/TypographyBody1.tsx
FN:5,(anonymous_0)
FNF:1
FNH:1
FNDA:2,(anonymous_0)
DA:5,1
DA:6,2
LF:2
LH:2
BRF:0
BRH:0
end_of_record
TN:
SF:src/_components/molecules/ButtonGrid/index.tsx
FN:16,(anonymous_0)
FNF:1
FNH:1
FNDA:1,(anonymous_0)
DA:16,1
DA:17,1
LF:2
LH:2
BRF:0
BRH:0
end_of_record
TN:
SF:src/_components/molecules/CategoryBookList/index.tsx
FN:22,(anonymous_0)
FN:31,(anonymous_1)
FN:40,(anonymous_2)
FNF:3
FNH:0
FNDA:0,(anonymous_0)
FNDA:0,(anonymous_1)
FNDA:0,(anonymous_2)
DA:22,0
DA:26,0
DA:27,0
DA:31,0
DA:32,0
DA:34,0
DA:41,0
LF:7
LH:0
BRF:0
BRH:0
end_of_record
TN:
SF:src/_components/molecules/ExploreItems/index.tsx
FN:13,(anonymous_0)
FNF:1
FNH:0
FNDA:0,(anonymous_0)
DA:13,0
DA:14,0
LF:2
LH:0
BRF:0
BRH:0
end_of_record
TN:
SF:src/_components/molecules/NavLinks/index.stories.tsx
FN:13,(anonymous_0)
FNF:1
FNH:0
FNDA:0,(anonymous_0)
DA:13,0
DA:14,0
DA:17,0
DA:18,0
DA:22,0
DA:23,0
LF:6
LH:0
BRF:0
BRH:0
end_of_record
TN:
SF:src/_components/molecules/NavLinks/index.tsx
FN:20,(anonymous_0)
FNF:1
FNH:1
FNDA:2,(anonymous_0)
DA:20,1
DA:26,2
DA:35,2
DA:40,2
DA:41,2
LF:5
LH:5
BRDA:30,0,0,1
BRDA:30,0,1,1
BRDA:35,1,0,0
BRDA:35,1,1,2
BRDA:40,2,0,1
BRDA:40,2,1,1
BRDA:47,3,0,0
BRDA:47,3,1,2
BRF:8
BRH:6
end_of_record
TN:
SF:src/_components/molecules/ReadTime/index.stories.tsx
FNF:0
FNH:0
DA:9,0
LF:1
LH:0
BRF:0
BRH:0
end_of_record
TN:
SF:src/_components/molecules/ReadTime/index.tsx
FN:28,(anonymous_0)
FNF:1
FNH:1
FNDA:2,(anonymous_0)
DA:8,2
DA:28,2
DA:29,2
DA:30,2
LF:4
LH:4
BRF:0
BRH:0
end_of_record
TN:
SF:src/_components/molecules/ReaderCount/index.tsx
FN:44,(anonymous_0)
FNF:1
FNH:0
FNDA:0,(anonymous_0)
DA:13,1
DA:28,1
DA:44,1
DA:45,0
DA:46,0
LF:5
LH:3
BRF:0
BRH:0
end_of_record
TN:
SF:src/_components/molecules/SearchBar/index.tsx
FN:10,(anonymous_0)
FNF:1
FNH:0
FNDA:0,(anonymous_0)
DA:10,0
DA:11,0
DA:29,0
DA:37,0
LF:4
LH:0
BRF:0
BRH:0
end_of_record
TN:
SF:src/_components/molecules/TabBar/index.tsx
FN:6,(anonymous_0)
FN:8,(anonymous_1)
FNF:2
FNH:0
FNDA:0,(anonymous_0)
FNDA:0,(anonymous_1)
DA:6,0
DA:7,0
DA:8,0
DA:9,0
DA:11,0
DA:19,0
LF:6
LH:0
BRF:0
BRH:0
end_of_record
TN:
SF:src/_components/molecules/TabPanel/index.tsx
FN:27,(anonymous_0)
FN:28,(anonymous_1)
FN:33,(anonymous_2)
FN:34,getData
FN:37,(anonymous_4)
FN:41,(anonymous_5)
FN:42,(anonymous_6)
FN:48,(anonymous_7)
FN:50,(anonymous_8)
FN:61,(anonymous_9)
FN:68,(anonymous_10)
FNF:11
FNH:0
FNDA:0,(anonymous_0)
FNDA:0,(anonymous_1)
FNDA:0,(anonymous_2)
FNDA:0,getData
FNDA:0,(anonymous_4)
FNDA:0,(anonymous_5)
FNDA:0,(anonymous_6)
FNDA:0,(anonymous_7)
FNDA:0,(anonymous_8)
FNDA:0,(anonymous_9)
FNDA:0,(anonymous_10)
DA:27,0
DA:28,0
DA:29,0
DA:30,0
DA:31,0
DA:32,0
DA:33,0
DA:35,0
DA:37,0
DA:38,0
DA:40,0
DA:41,0
DA:42,0
DA:44,0
DA:49,0
DA:50,0
DA:62,0
DA:68,0
LF:18
LH:0
BRDA:46,0,0,0
BRDA:46,0,1,0
BRDA:56,1,0,0
BRDA:56,1,1,0
BRDA:57,2,0,0
BRDA:57,2,1,0
BRDA:60,3,0,0
BRDA:60,3,1,0
BRDA:60,4,0,0
BRDA:60,4,1,0
BRDA:60,4,2,0
BRF:11
BRH:0
end_of_record
TN:
SF:src/_components/organisms/Banner/index.tsx
FN:11,(anonymous_0)
FNF:1
FNH:0
FNDA:0,(anonymous_0)
DA:11,0
DA:12,0
LF:2
LH:0
BRF:0
BRH:0
end_of_record
TN:
SF:src/_components/organisms/BookCard/index.stories.tsx
FN:12,(anonymous_0)
FNF:1
FNH:0
FNDA:0,(anonymous_0)
DA:12,0
DA:13,0
DA:16,0
DA:17,0
LF:4
LH:0
BRF:0
BRH:0
end_of_record
TN:
SF:src/_components/organisms/BookCard/index.tsx
FN:45,BookCard
FN:142,(anonymous_1)
FNF:2
FNH:1
FNDA:1,BookCard
FNDA:0,(anonymous_1)
DA:20,1
DA:55,1
DA:73,1
DA:79,1
DA:142,0
LF:5
LH:4
BRDA:116,0,0,0
BRDA:116,0,1,1
BRDA:116,1,0,1
BRDA:116,1,1,0
BRDA:121,2,0,0
BRDA:121,2,1,1
BRDA:121,3,0,1
BRDA:121,3,1,0
BRDA:134,4,0,0
BRDA:134,4,1,1
BRDA:134,5,0,1
BRDA:134,5,1,0
BRF:12
BRH:6
end_of_record
TN:
SF:src/_components/organisms/BookDetails/index.stories.tsx
FNF:0
FNH:0
DA:9,0
LF:1
LH:0
BRF:0
BRH:0
end_of_record
TN:
SF:src/_components/organisms/BookDetails/index.tsx
FN:33,(anonymous_0)
FN:39,(anonymous_1)
FNF:2
FNH:1
FNDA:2,(anonymous_0)
FNDA:0,(anonymous_1)
DA:25,1
DA:33,1
DA:34,2
DA:37,2
DA:38,1
DA:39,1
DA:40,0
DA:41,0
DA:42,0
DA:43,0
DA:44,0
DA:53,0
DA:54,0
DA:56,1
LF:14
LH:7
BRF:0
BRH:0
end_of_record
TN:
SF:src/_components/organisms/Explore/index.stories.tsx
FN:12,(anonymous_0)
FNF:1
FNH:0
FNDA:0,(anonymous_0)
DA:12,0
DA:13,0
DA:16,0
LF:3
LH:0
BRF:0
BRH:0
end_of_record
TN:
SF:src/_components/organisms/Explore/index.tsx
FN:62,(anonymous_0)
FN:86,(anonymous_1)
FN:87,(anonymous_2)
FNF:3
FNH:0
FNDA:0,(anonymous_0)
FNDA:0,(anonymous_1)
FNDA:0,(anonymous_2)
DA:28,0
DA:33,0
DA:39,0
DA:62,0
DA:63,0
DA:64,0
DA:85,0
DA:87,0
DA:88,0
DA:89,0
DA:91,0
DA:100,0
LF:12
LH:0
BRF:0
BRH:0
end_of_record
TN:
SF:src/_components/organisms/Footer/index.stories.tsx
FNF:0
FNH:0
DA:9,0
LF:1
LH:0
BRF:0
BRH:0
end_of_record
TN:
SF:src/_components/organisms/Footer/index.tsx
FN:18,FooterComponent
FN:76,(anonymous_1)
FN:85,(anonymous_2)
FNF:3
FNH:0
FNDA:0,FooterComponent
FNDA:0,(anonymous_1)
FNDA:0,(anonymous_2)
DA:7,0
DA:19,0
DA:20,0
DA:45,0
DA:77,0
DA:86,0
LF:6
LH:0
BRF:0
BRH:0
end_of_record
TN:
SF:src/_components/organisms/Header/index.stories.tsx
FNF:0
FNH:0
DA:9,0
LF:1
LH:0
BRF:0
BRH:0
end_of_record
TN:
SF:src/_components/organisms/Header/index.tsx
FN:14,(anonymous_0)
FNF:1
FNH:1
FNDA:1,(anonymous_0)
DA:14,1
DA:15,1
LF:2
LH:2
BRF:0
BRH:0
end_of_record
TN:
SF:src/_components/pages/BookDetailsPage.tsx
FN:5,(anonymous_0)
FNF:1
FNH:0
FNDA:0,(anonymous_0)
DA:5,0
LF:1
LH:0
BRF:0
BRH:0
end_of_record
TN:
SF:src/_components/pages/EntrePage.tsx
FN:12,(anonymous_0)
FN:25,(anonymous_1)
FNF:2
FNH:0
FNDA:0,(anonymous_0)
FNDA:0,(anonymous_1)
DA:12,0
DA:13,0
DA:14,0
DA:15,0
DA:16,0
DA:18,0
DA:19,0
DA:26,0
LF:8
LH:0
BRF:0
BRH:0
end_of_record
TN:
SF:src/_components/pages/LandingPage.tsx
FN:8,(anonymous_0)
FNF:1
FNH:0
FNDA:0,(anonymous_0)
DA:8,0
DA:9,0
LF:2
LH:0
BRF:0
BRH:0
end_of_record
TN:
SF:src/actions/AddToFinish.tsx
FN:3,(anonymous_0)
FN:8,(anonymous_1)
FNF:2
FNH:0
FNDA:0,(anonymous_0)
FNDA:0,(anonymous_1)
DA:3,1
DA:4,0
DA:8,1
DA:9,0
LF:4
LH:2
BRF:0
BRH:0
end_of_record
TN:
SF:src/reducers/AddToFinish.tsx
FN:6,(anonymous_0)
FNF:1
FNH:1
FNDA:3,(anonymous_0)
DA:1,1
DA:6,1
DA:7,3
DA:9,0
DA:11,0
DA:15,3
LF:6
LH:4
BRDA:6,0,0,0
BRDA:7,1,0,0
BRDA:7,1,1,0
BRDA:7,1,2,3
BRF:4
BRH:1
end_of_record
TN:
SF:src/reducers/index.tsx
FNF:0
FNH:0
DA:6,1
LF:1
LH:1
BRF:0
BRH:0
end_of_record
